TN:
SF:src\App.tsx
FN:19,(anonymous_0)
FN:20,(anonymous_1)
FN:21,(anonymous_2)
FN:22,(anonymous_3)
FN:23,(anonymous_4)
FN:24,(anonymous_5)
FN:25,(anonymous_6)
FN:26,(anonymous_7)
FN:27,(anonymous_8)
FN:28,(anonymous_9)
FN:29,(anonymous_10)
FN:35,(anonymous_11)
FN:52,(anonymous_12)
FN:115,(anonymous_13)
FN:155,(anonymous_14)
FN:166,(anonymous_15)
FN:196,(anonymous_16)
FN:218,(anonymous_17)
FN:240,(anonymous_18)
FN:286,(anonymous_19)
FN:360,(anonymous_20)
FN:366,(anonymous_21)
FN:367,(anonymous_22)
FN:390,(anonymous_23)
FN:411,(anonymous_24)
FN:451,(anonymous_25)
FN:488,(anonymous_26)
FN:506,(anonymous_27)
FNF:28
FNH:0
FNDA:0,(anonymous_0)
FNDA:0,(anonymous_1)
FNDA:0,(anonymous_2)
FNDA:0,(anonymous_3)
FNDA:0,(anonymous_4)
FNDA:0,(anonymous_5)
FNDA:0,(anonymous_6)
FNDA:0,(anonymous_7)
FNDA:0,(anonymous_8)
FNDA:0,(anonymous_9)
FNDA:0,(anonymous_10)
FNDA:0,(anonymous_11)
FNDA:0,(anonymous_12)
FNDA:0,(anonymous_13)
FNDA:0,(anonymous_14)
FNDA:0,(anonymous_15)
FNDA:0,(anonymous_16)
FNDA:0,(anonymous_17)
FNDA:0,(anonymous_18)
FNDA:0,(anonymous_19)
FNDA:0,(anonymous_20)
FNDA:0,(anonymous_21)
FNDA:0,(anonymous_22)
FNDA:0,(anonymous_23)
FNDA:0,(anonymous_24)
FNDA:0,(anonymous_25)
FNDA:0,(anonymous_26)
FNDA:0,(anonymous_27)
DA:19,0
DA:20,0
DA:21,0
DA:22,0
DA:23,0
DA:24,0
DA:25,0
DA:26,0
DA:27,0
DA:28,0
DA:29,0
DA:32,0
DA:35,0
DA:36,0
DA:52,0
DA:53,0
DA:59,0
DA:85,0
DA:91,0
DA:97,0
DA:105,0
DA:110,0
DA:115,0
DA:116,0
DA:156,0
DA:167,0
DA:197,0
DA:219,0
DA:241,0
DA:287,0
DA:324,0
DA:333,0
DA:360,0
DA:361,0
DA:362,0
DA:363,0
DA:364,0
DA:366,0
DA:367,0
DA:369,0
DA:375,0
DA:376,0
DA:383,0
DA:384,0
DA:390,0
DA:393,0
DA:412,0
DA:452,0
DA:488,0
DA:489,0
DA:506,0
DA:507,0
LF:52
LH:0
BRDA:242,0,0,0
BRDA:242,0,1,0
BRDA:375,1,0,0
BRDA:375,1,1,0
BRDA:383,2,0,0
BRDA:383,2,1,0
BRDA:415,3,0,0
BRDA:415,3,1,0
BRDA:417,4,0,0
BRDA:417,4,1,0
BRF:10
BRH:0
end_of_record
TN:
SF:src\api.ts
FN:28,handleResponse
FN:43,sanitize
FN:56,getHealth
FN:66,postAssistantQuery
FN:84,postAccessibilityRequest
FN:103,postCrowdAdvisory
FN:137,tinyfishHeaders
FN:152,tinyfishSearch
FN:173,tinyfishFetch
FNF:9
FNH:8
FNDA:13,handleResponse
FNDA:21,sanitize
FNDA:4,getHealth
FNDA:4,postAssistantQuery
FNDA:3,postAccessibilityRequest
FNDA:2,postCrowdAdvisory
FNDA:0,tinyfishHeaders
FNDA:1,tinyfishSearch
FNDA:1,tinyfishFetch
DA:17,3
DA:19,3
DA:20,0
DA:29,13
DA:30,3
DA:31,3
DA:32,3
DA:33,2
DA:37,3
DA:38,3
DA:40,10
DA:44,21
DA:57,4
DA:61,4
DA:69,4
DA:74,4
DA:79,4
DA:87,3
DA:93,3
DA:98,3
DA:107,2
DA:108,2
DA:113,2
DA:122,2
DA:127,3
DA:129,3
DA:130,2
DA:138,0
DA:155,1
DA:157,0
DA:158,0
DA:160,0
DA:164,0
DA:176,1
DA:178,0
DA:183,0
LF:36
LH:28
BRDA:17,0,0,3
BRDA:17,0,1,0
BRDA:19,1,0,0
BRDA:19,1,1,3
BRDA:29,2,0,3
BRDA:29,2,1,10
BRDA:33,3,0,2
BRDA:33,3,1,0
BRDA:127,4,0,3
BRDA:127,4,1,0
BRDA:129,5,0,2
BRDA:129,5,1,1
BRDA:155,6,0,1
BRDA:155,6,1,0
BRDA:176,7,0,1
BRDA:176,7,1,0
BRF:16
BRH:10
end_of_record
TN:
SF:src\types.ts
FNF:0
FNH:0
LF:0
LH:0
BRF:0
BRH:0
end_of_record
TN:
SF:src\components\AccessibilityForm.tsx
FN:72,(anonymous_0)
FN:85,(anonymous_1)
FN:92,(anonymous_2)
FN:99,(anonymous_3)
FN:100,(anonymous_4)
FN:102,(anonymous_5)
FN:106,(anonymous_6)
FN:111,(anonymous_7)
FN:128,(anonymous_8)
FN:152,(anonymous_9)
FN:177,(anonymous_10)
FN:222,(anonymous_11)
FN:259,(anonymous_12)
FN:295,(anonymous_13)
FN:315,(anonymous_14)
FN:322,(anonymous_15)
FN:368,(anonymous_16)
FN:370,(anonymous_17)
FN:383,(anonymous_18)
FN:412,(anonymous_19)
FN:433,(anonymous_20)
FN:435,(anonymous_21)
FNF:22
FNH:17
FNDA:38,(anonymous_0)
FNDA:8,(anonymous_1)
FNDA:5,(anonymous_2)
FNDA:24,(anonymous_3)
FNDA:24,(anonymous_4)
FNDA:0,(anonymous_5)
FNDA:5,(anonymous_6)
FNDA:4,(anonymous_7)
FNDA:0,(anonymous_8)
FNDA:0,(anonymous_9)
FNDA:38,(anonymous_10)
FNDA:152,(anonymous_11)
FNDA:114,(anonymous_12)
FNDA:5,(anonymous_13)
FNDA:228,(anonymous_14)
FNDA:0,(anonymous_15)
FNDA:6,(anonymous_16)
FNDA:2,(anonymous_17)
FNDA:608,(anonymous_18)
FNDA:0,(anonymous_19)
FNDA:2,(anonymous_20)
FNDA:22,(anonymous_21)
DA:38,1
DA:47,1
DA:72,1
DA:73,38
DA:79,38
DA:80,38
DA:81,38
DA:82,38
DA:85,38
DA:86,8
DA:92,38
DA:93,5
DA:94,5
DA:95,5
DA:96,5
DA:99,38
DA:100,24
DA:101,24
DA:102,0
DA:106,38
DA:107,5
DA:108,5
DA:109,5
DA:110,4
DA:111,4
DA:112,4
DA:115,1
DA:116,1
DA:118,1
DA:119,1
DA:126,1
DA:128,1
DA:129,0
DA:151,0
DA:152,0
DA:153,0
DA:173,1
DA:177,38
DA:179,38
DA:223,152
DA:260,114
DA:295,5
DA:316,228
DA:317,228
DA:322,0
DA:368,6
DA:370,2
DA:384,608
DA:412,0
DA:433,2
DA:435,22
LF:51
LH:44
BRDA:94,0,0,3
BRDA:94,0,1,2
BRDA:95,1,0,3
BRDA:95,1,1,2
BRDA:101,2,0,0
BRDA:101,2,1,24
BRDA:109,3,0,4
BRDA:109,3,1,1
BRDA:136,4,0,0
BRDA:136,4,1,0
BRDA:160,5,0,0
BRDA:160,5,1,0
BRDA:167,6,0,0
BRDA:167,6,1,0
BRDA:327,7,0,38
BRDA:327,7,1,190
BRDA:331,8,0,38
BRDA:331,8,1,190
BRDA:339,9,0,38
BRDA:339,9,1,190
BRDA:346,10,0,38
BRDA:346,10,1,190
BRDA:368,11,0,6
BRDA:368,11,1,35
BRDA:373,12,0,3
BRDA:373,12,1,35
BRDA:377,13,0,3
BRDA:377,13,1,35
BRDA:387,14,0,38
BRDA:387,14,1,3
BRDA:433,15,0,2
BRDA:433,15,1,37
BRDA:433,16,0,38
BRDA:433,16,1,35
BRDA:439,17,0,3
BRDA:439,17,1,35
BRDA:444,18,0,3
BRDA:444,18,1,35
BRDA:449,19,0,38
BRDA:449,19,1,3
BRDA:475,20,0,1
BRDA:475,20,1,37
BRF:42
BRH:35
end_of_record
TN:
SF:src\components\AuthModal.tsx
FN:13,(anonymous_0)
FN:25,(anonymous_1)
FN:26,(anonymous_2)
FN:29,(anonymous_3)
FN:32,(anonymous_4)
FN:39,(anonymous_5)
FN:59,(anonymous_6)
FN:99,(anonymous_7)
FN:119,(anonymous_8)
FN:122,(anonymous_9)
FN:135,(anonymous_10)
FN:142,(anonymous_11)
FN:155,(anonymous_12)
FN:164,(anonymous_13)
FN:164,(anonymous_14)
FNF:15
FNH:0
FNDA:0,(anonymous_0)
FNDA:0,(anonymous_1)
FNDA:0,(anonymous_2)
FNDA:0,(anonymous_3)
FNDA:0,(anonymous_4)
FNDA:0,(anonymous_5)
FNDA:0,(anonymous_6)
FNDA:0,(anonymous_7)
FNDA:0,(anonymous_8)
FNDA:0,(anonymous_9)
FNDA:0,(anonymous_10)
FNDA:0,(anonymous_11)
FNDA:0,(anonymous_12)
FNDA:0,(anonymous_13)
FNDA:0,(anonymous_14)
DA:13,0
DA:14,0
DA:16,0
DA:17,0
DA:18,0
DA:19,0
DA:20,0
DA:21,0
DA:22,0
DA:25,0
DA:26,0
DA:27,0
DA:28,0
DA:29,0
DA:32,0
DA:33,0
DA:34,0
DA:35,0
DA:36,0
DA:39,0
DA:40,0
DA:41,0
DA:42,0
DA:43,0
DA:44,0
DA:45,0
DA:46,0
DA:47,0
DA:48,0
DA:49,0
DA:51,0
DA:55,0
DA:59,0
DA:99,0
DA:120,0
DA:122,0
DA:135,0
DA:142,0
DA:155,0
DA:164,0
LF:40
LH:0
BRDA:26,0,0,0
BRDA:26,0,1,0
BRDA:41,1,0,0
BRDA:41,1,1,0
BRDA:41,2,0,0
BRDA:41,2,1,0
BRDA:43,3,0,0
BRDA:43,3,1,0
BRDA:46,4,0,0
BRDA:46,4,1,0
BRDA:48,5,0,0
BRDA:48,5,1,0
BRDA:59,6,0,0
BRDA:59,6,1,0
BRDA:84,7,0,0
BRDA:84,7,1,0
BRDA:124,8,0,0
BRDA:124,8,1,0
BRDA:129,9,0,0
BRDA:129,9,1,0
BRDA:153,10,0,0
BRDA:153,10,1,0
BRDA:167,11,0,0
BRDA:167,11,1,0
BRDA:169,12,0,0
BRDA:169,12,1,0
BRDA:174,13,0,0
BRDA:174,13,1,0
BRDA:175,14,0,0
BRDA:175,14,1,0
BRDA:184,15,0,0
BRDA:184,15,1,0
BRDA:184,16,0,0
BRDA:184,16,1,0
BRF:34
BRH:0
end_of_record
TN:
SF:src\components\BrandLogo.tsx
FN:21,(anonymous_0)
FNF:1
FNH:1
FNDA:321,(anonymous_0)
DA:21,6
DA:22,321
LF:2
LH:2
BRDA:21,0,0,321
BRF:1
BRH:1
end_of_record
TN:
SF:src\components\ChatPanel.tsx
FN:76,(anonymous_0)
FN:87,(anonymous_1)
FN:115,(anonymous_2)
FN:181,(anonymous_3)
FN:228,(anonymous_4)
FN:237,(anonymous_5)
FN:244,(anonymous_6)
FN:257,(anonymous_7)
FN:275,(anonymous_8)
FN:282,(anonymous_9)
FN:303,(anonymous_10)
FN:318,(anonymous_11)
FN:329,(anonymous_12)
FN:358,(anonymous_13)
FN:368,(anonymous_14)
FN:372,(anonymous_15)
FN:377,(anonymous_16)
FN:378,(anonymous_17)
FN:440,(anonymous_18)
FN:441,(anonymous_19)
FN:446,(anonymous_20)
FN:447,(anonymous_21)
FN:452,(anonymous_22)
FN:453,(anonymous_23)
FN:458,(anonymous_24)
FN:459,(anonymous_25)
FN:521,(anonymous_26)
FN:521,(anonymous_27)
FN:542,(anonymous_28)
FN:577,(anonymous_29)
FN:580,(anonymous_30)
FN:599,(anonymous_31)
FN:627,(anonymous_32)
FN:640,(anonymous_33)
FN:641,(anonymous_34)
FN:645,(anonymous_35)
FNF:36
FNH:25
FNDA:12,(anonymous_0)
FNDA:4,(anonymous_1)
FNDA:7,(anonymous_2)
FNDA:0,(anonymous_3)
FNDA:264,(anonymous_4)
FNDA:0,(anonymous_5)
FNDA:2442,(anonymous_6)
FNDA:66,(anonymous_7)
FNDA:16,(anonymous_8)
FNDA:0,(anonymous_9)
FNDA:0,(anonymous_10)
FNDA:4,(anonymous_11)
FNDA:4,(anonymous_12)
FNDA:3,(anonymous_13)
FNDA:4,(anonymous_14)
FNDA:53,(anonymous_15)
FNDA:66,(anonymous_16)
FNDA:462,(anonymous_17)
FNDA:0,(anonymous_18)
FNDA:264,(anonymous_19)
FNDA:0,(anonymous_20)
FNDA:660,(anonymous_21)
FNDA:0,(anonymous_22)
FNDA:1056,(anonymous_23)
FNDA:0,(anonymous_24)
FNDA:462,(anonymous_25)
FNDA:0,(anonymous_26)
FNDA:0,(anonymous_27)
FNDA:696,(anonymous_28)
FNDA:348,(anonymous_29)
FNDA:0,(anonymous_30)
FNDA:11,(anonymous_31)
FNDA:50,(anonymous_32)
FNDA:5,(anonymous_33)
FNDA:1,(anonymous_34)
FNDA:1,(anonymous_35)
DA:29,1
DA:36,1
DA:49,1
DA:56,1
DA:66,1
DA:76,12
DA:87,1
DA:88,4
DA:115,1
DA:116,7
DA:118,7
DA:182,0
DA:228,1
DA:229,264
DA:237,0
DA:245,2442
DA:257,1
DA:258,66
DA:259,66
DA:260,66
DA:261,66
DA:262,66
DA:263,66
DA:264,66
DA:265,66
DA:266,66
DA:267,66
DA:269,66
DA:270,66
DA:271,66
DA:272,66
DA:275,66
DA:276,16
DA:277,16
DA:282,66
DA:283,0
DA:293,0
DA:294,0
DA:295,0
DA:303,66
DA:305,0
DA:306,0
DA:307,0
DA:308,0
DA:309,0
DA:318,66
DA:319,4
DA:320,4
DA:322,4
DA:329,4
DA:330,4
DA:331,4
DA:332,4
DA:334,4
DA:335,4
DA:340,4
DA:342,3
DA:344,3
DA:348,4
DA:358,4
DA:360,1
DA:361,0
DA:363,1
DA:364,1
DA:367,4
DA:368,4
DA:372,66
DA:373,53
DA:376,66
DA:377,66
DA:378,462
DA:380,66
DA:440,0
DA:441,264
DA:446,0
DA:447,660
DA:452,0
DA:453,1056
DA:458,0
DA:459,462
DA:521,0
DA:543,696
DA:578,348
DA:580,0
DA:600,11
DA:627,50
DA:640,5
DA:641,1
DA:645,1
LF:89
LH:71
BRDA:119,0,0,4
BRDA:119,0,1,3
BRDA:119,1,0,4
BRDA:119,1,1,3
BRDA:120,2,0,7
BRDA:120,2,1,3
BRDA:130,3,0,4
BRDA:130,3,1,3
BRDA:135,4,0,4
BRDA:135,4,1,3
BRDA:153,5,0,7
BRDA:153,5,1,1
BRDA:164,6,0,7
BRDA:164,6,1,1
BRDA:176,7,0,7
BRDA:176,7,1,3
BRDA:176,7,2,3
BRDA:176,7,3,0
BRDA:191,8,0,0
BRDA:191,8,1,0
BRDA:192,9,0,0
BRDA:192,9,1,0
BRDA:206,10,0,7
BRDA:206,10,1,4
BRDA:228,11,0,264
BRDA:276,12,0,16
BRDA:276,12,1,0
BRDA:294,13,0,0
BRDA:294,13,1,0
BRDA:305,14,0,0
BRDA:305,14,1,0
BRDA:307,15,0,0
BRDA:307,15,1,0
BRDA:307,16,0,0
BRDA:307,16,1,0
BRDA:320,17,0,0
BRDA:320,17,1,4
BRDA:320,18,0,4
BRDA:320,18,1,4
BRDA:340,19,0,1
BRDA:340,19,1,3
BRDA:344,20,0,3
BRDA:344,20,1,0
BRDA:344,21,0,3
BRDA:344,21,1,3
BRDA:360,22,0,0
BRDA:360,22,1,1
BRDA:360,23,0,1
BRDA:360,23,1,0
BRDA:360,23,2,0
BRDA:364,24,0,1
BRDA:364,24,1,0
BRDA:373,25,0,3
BRDA:373,25,1,50
BRDA:373,26,0,53
BRDA:373,26,1,4
BRDA:376,27,0,66
BRDA:376,27,1,58
BRDA:471,28,0,66
BRDA:471,28,1,66
BRDA:481,29,0,66
BRDA:481,29,1,0
BRDA:481,30,0,66
BRDA:481,30,1,0
BRDA:481,31,0,66
BRDA:481,31,1,0
BRDA:482,32,0,66
BRDA:482,32,1,66
BRDA:539,33,0,66
BRDA:539,33,1,58
BRDA:603,34,0,66
BRDA:603,34,1,4
BRDA:607,35,0,66
BRDA:607,35,1,1
BRDA:646,36,0,66
BRDA:646,36,1,62
BRDA:648,37,0,4
BRDA:648,37,1,62
BRDA:653,38,0,4
BRDA:653,38,1,62
BRF:80
BRH:57
end_of_record
TN:
SF:src\components\Hero.tsx
FN:22,(anonymous_0)
FN:28,(anonymous_1)
FN:31,(anonymous_2)
FN:36,(anonymous_3)
FN:60,(anonymous_4)
FN:124,(anonymous_5)
FN:167,(anonymous_6)
FN:199,(anonymous_7)
FN:208,(anonymous_8)
FN:277,(anonymous_9)
FN:345,(anonymous_10)
FN:356,(anonymous_11)
FNF:12
FNH:0
FNDA:0,(anonymous_0)
FNDA:0,(anonymous_1)
FNDA:0,(anonymous_2)
FNDA:0,(anonymous_3)
FNDA:0,(anonymous_4)
FNDA:0,(anonymous_5)
FNDA:0,(anonymous_6)
FNDA:0,(anonymous_7)
FNDA:0,(anonymous_8)
FNDA:0,(anonymous_9)
FNDA:0,(anonymous_10)
FNDA:0,(anonymous_11)
DA:8,0
DA:14,0
DA:22,0
DA:25,0
DA:26,0
DA:28,0
DA:29,0
DA:30,0
DA:31,0
DA:32,0
DA:35,0
DA:36,0
DA:39,0
DA:60,0
DA:61,0
DA:125,0
DA:168,0
DA:199,0
DA:200,0
DA:201,0
DA:202,0
DA:203,0
DA:204,0
DA:205,0
DA:206,0
DA:208,0
DA:209,0
DA:211,0
DA:213,0
DA:214,0
DA:215,0
DA:217,0
DA:218,0
DA:220,0
DA:221,0
DA:228,0
DA:229,0
DA:238,0
DA:244,0
DA:278,0
DA:346,0
DA:357,0
LF:42
LH:0
BRDA:30,0,0,0
BRDA:30,0,1,0
BRDA:32,1,0,0
BRDA:32,1,1,0
BRDA:47,2,0,0
BRDA:47,2,1,0
BRDA:48,3,0,0
BRDA:48,3,1,0
BRDA:127,4,0,0
BRDA:127,4,1,0
BRDA:213,5,0,0
BRDA:213,5,1,0
BRDA:220,6,0,0
BRDA:220,6,1,0
BRDA:228,7,0,0
BRDA:228,7,1,0
BRDA:279,8,0,0
BRDA:279,8,1,0
BRF:18
BRH:0
end_of_record
TN:
SF:src\components\LiveScoreTicker.tsx
FN:67,(anonymous_0)
FN:107,(anonymous_1)
FN:132,(anonymous_2)
FN:133,(anonymous_3)
FNF:4
FNH:0
FNDA:0,(anonymous_0)
FNDA:0,(anonymous_1)
FNDA:0,(anonymous_2)
FNDA:0,(anonymous_3)
DA:11,0
DA:58,0
DA:67,0
DA:68,0
DA:70,0
DA:74,0
DA:107,0
DA:108,0
DA:132,0
DA:133,0
LF:10
LH:0
BRDA:70,0,0,0
BRDA:70,0,1,0
BRDA:70,1,0,0
BRDA:70,1,1,0
BRDA:78,2,0,0
BRDA:78,2,1,0
BRDA:78,3,0,0
BRDA:78,3,1,0
BRDA:89,4,0,0
BRDA:89,4,1,0
BRF:10
BRH:0
end_of_record
TN:
SF:src\components\LiveScoresSection.tsx
FN:52,(anonymous_0)
FN:131,(anonymous_1)
FN:133,(anonymous_2)
FN:162,(anonymous_3)
FN:167,(anonymous_4)
FN:172,(anonymous_5)
FN:183,(anonymous_6)
FN:185,(anonymous_7)
FN:186,(anonymous_8)
FN:215,(anonymous_9)
FN:235,(anonymous_10)
FNF:11
FNH:0
FNDA:0,(anonymous_0)
FNDA:0,(anonymous_1)
FNDA:0,(anonymous_2)
FNDA:0,(anonymous_3)
FNDA:0,(anonymous_4)
FNDA:0,(anonymous_5)
FNDA:0,(anonymous_6)
FNDA:0,(anonymous_7)
FNDA:0,(anonymous_8)
FNDA:0,(anonymous_9)
FNDA:0,(anonymous_10)
DA:12,0
DA:44,0
DA:52,0
DA:53,0
DA:54,0
DA:56,0
DA:131,0
DA:132,0
DA:134,0
DA:162,0
DA:163,0
DA:164,0
DA:165,0
DA:167,0
DA:168,0
DA:169,0
DA:170,0
DA:171,0
DA:172,0
DA:173,0
DA:178,0
DA:183,0
DA:184,0
DA:185,0
DA:186,0
DA:189,0
DA:215,0
DA:236,0
LF:28
LH:0
BRDA:70,0,0,0
BRDA:70,0,1,0
BRDA:71,1,0,0
BRDA:71,1,1,0
BRDA:71,2,0,0
BRDA:71,2,1,0
BRDA:92,3,0,0
BRDA:92,3,1,0
BRDA:96,4,0,0
BRDA:96,4,1,0
BRDA:98,5,0,0
BRDA:98,5,1,0
BRDA:103,6,0,0
BRDA:103,6,1,0
BRDA:105,7,0,0
BRDA:105,7,1,0
BRDA:151,8,0,0
BRDA:151,8,1,0
BRDA:171,9,0,0
BRDA:171,9,1,0
BRDA:224,10,0,0
BRDA:224,10,1,0
BRDA:227,11,0,0
BRDA:227,11,1,0
BRDA:241,12,0,0
BRDA:241,12,1,0
BRF:26
BRH:0
end_of_record
TN:
SF:src\components\Navbar.tsx
FN:39,(anonymous_0)
FN:49,(anonymous_1)
FN:65,(anonymous_2)
FN:66,(anonymous_3)
FN:68,(anonymous_4)
FN:72,(anonymous_5)
FN:73,(anonymous_6)
FN:79,(anonymous_7)
FN:83,(anonymous_8)
FN:88,(anonymous_9)
FN:122,(anonymous_10)
FN:128,(anonymous_11)
FN:152,(anonymous_12)
FN:159,(anonymous_13)
FN:209,(anonymous_14)
FN:209,(anonymous_15)
FN:230,(anonymous_16)
FN:237,(anonymous_17)
FN:256,(anonymous_18)
FN:262,(anonymous_19)
FNF:20
FNH:0
FNDA:0,(anonymous_0)
FNDA:0,(anonymous_1)
FNDA:0,(anonymous_2)
FNDA:0,(anonymous_3)
FNDA:0,(anonymous_4)
FNDA:0,(anonymous_5)
FNDA:0,(anonymous_6)
FNDA:0,(anonymous_7)
FNDA:0,(anonymous_8)
FNDA:0,(anonymous_9)
FNDA:0,(anonymous_10)
FNDA:0,(anonymous_11)
FNDA:0,(anonymous_12)
FNDA:0,(anonymous_13)
FNDA:0,(anonymous_14)
FNDA:0,(anonymous_15)
FNDA:0,(anonymous_16)
FNDA:0,(anonymous_17)
FNDA:0,(anonymous_18)
FNDA:0,(anonymous_19)
DA:18,0
DA:39,0
DA:40,0
DA:41,0
DA:42,0
DA:43,0
DA:44,0
DA:45,0
DA:46,0
DA:49,0
DA:50,0
DA:51,0
DA:55,0
DA:56,0
DA:65,0
DA:66,0
DA:67,0
DA:68,0
DA:72,0
DA:73,0
DA:74,0
DA:75,0
DA:78,0
DA:79,0
DA:83,0
DA:84,0
DA:85,0
DA:88,0
DA:89,0
DA:92,0
DA:123,0
DA:128,0
DA:153,0
DA:159,0
DA:209,0
DA:230,0
DA:237,0
DA:257,0
DA:262,0
LF:39
LH:0
BRDA:55,0,0,0
BRDA:55,0,1,0
BRDA:74,1,0,0
BRDA:74,1,1,0
BRDA:74,2,0,0
BRDA:74,2,1,0
BRDA:89,3,0,0
BRDA:89,3,1,0
BRDA:98,4,0,0
BRDA:98,4,1,0
BRDA:123,5,0,0
BRDA:123,5,1,0
BRDA:124,6,0,0
BRDA:124,6,1,0
BRDA:143,7,0,0
BRDA:143,7,1,0
BRDA:147,8,0,0
BRDA:147,8,1,0
BRDA:206,9,0,0
BRDA:206,9,1,0
BRDA:211,10,0,0
BRDA:211,10,1,0
BRDA:219,11,0,0
BRDA:219,11,1,0
BRF:24
BRH:0
end_of_record
TN:
SF:src\components\OpsDashboard.tsx
FN:55,(anonymous_0)
FN:59,(anonymous_1)
FN:64,(anonymous_2)
FN:79,(anonymous_3)
FN:84,(anonymous_4)
FN:123,(anonymous_5)
FN:147,(anonymous_6)
FN:157,(anonymous_7)
FN:162,(anonymous_8)
FN:172,(anonymous_9)
FN:179,(anonymous_10)
FN:184,(anonymous_11)
FN:187,(anonymous_12)
FN:189,(anonymous_13)
FN:190,(anonymous_14)
FN:193,(anonymous_15)
FN:194,(anonymous_16)
FN:221,(anonymous_17)
FN:251,(anonymous_18)
FN:343,(anonymous_19)
FN:360,(anonymous_20)
FN:408,(anonymous_21)
FN:421,(anonymous_22)
FN:425,(anonymous_23)
FN:447,(anonymous_24)
FN:451,(anonymous_25)
FNF:26
FNH:21
FNDA:28,(anonymous_0)
FNDA:0,(anonymous_1)
FNDA:0,(anonymous_2)
FNDA:42,(anonymous_3)
FNDA:0,(anonymous_4)
FNDA:42,(anonymous_5)
FNDA:133,(anonymous_6)
FNDA:8,(anonymous_7)
FNDA:48,(anonymous_8)
FNDA:1,(anonymous_9)
FNDA:8,(anonymous_10)
FNDA:8,(anonymous_11)
FNDA:126,(anonymous_12)
FNDA:0,(anonymous_13)
FNDA:8,(anonymous_14)
FNDA:42,(anonymous_15)
FNDA:42,(anonymous_16)
FNDA:8,(anonymous_17)
FNDA:105,(anonymous_18)
FNDA:0,(anonymous_19)
FNDA:1,(anonymous_20)
FNDA:42,(anonymous_21)
FNDA:42,(anonymous_22)
FNDA:28,(anonymous_23)
FNDA:48,(anonymous_24)
FNDA:42,(anonymous_25)
DA:25,1
DA:42,1
DA:55,1
DA:56,28
DA:57,28
DA:59,28
DA:60,0
DA:65,0
DA:66,0
DA:72,28
DA:79,1
DA:80,42
DA:81,42
DA:82,42
DA:84,42
DA:85,0
DA:86,0
DA:94,42
DA:124,42
DA:147,1
DA:148,133
DA:149,133
DA:150,133
DA:151,133
DA:152,133
DA:153,133
DA:154,133
DA:155,133
DA:157,133
DA:158,8
DA:159,8
DA:160,8
DA:161,8
DA:162,48
DA:164,7
DA:165,7
DA:167,1
DA:168,1
DA:169,1
DA:170,1
DA:171,1
DA:172,1
DA:175,8
DA:179,133
DA:180,8
DA:181,8
DA:182,8
DA:183,8
DA:184,8
DA:187,133
DA:188,126
DA:189,8
DA:190,8
DA:193,133
DA:194,133
DA:196,133
DA:221,8
DA:251,105
DA:343,0
DA:361,1
DA:362,1
DA:363,1
DA:364,1
DA:408,42
DA:421,42
DA:426,28
DA:448,48
DA:452,42
LF:68
LH:62
BRDA:55,0,0,28
BRDA:65,1,0,0
BRDA:65,1,1,0
BRDA:85,2,0,0
BRDA:85,2,1,0
BRDA:121,3,0,42
BRDA:121,3,1,42
BRDA:138,4,0,42
BRDA:138,4,1,0
BRDA:168,5,0,1
BRDA:168,5,1,0
BRDA:169,6,0,1
BRDA:169,6,1,0
BRDA:169,7,0,1
BRDA:169,7,1,0
BRDA:181,8,0,0
BRDA:181,8,1,8
BRDA:188,9,0,118
BRDA:188,9,1,8
BRDA:188,10,0,126
BRDA:188,10,1,8
BRDA:217,11,0,118
BRDA:217,11,1,15
BRDA:255,12,0,1
BRDA:255,12,1,117
BRDA:262,13,0,118
BRDA:262,13,1,1
BRDA:277,14,0,118
BRDA:277,14,1,118
BRDA:286,15,0,0
BRDA:286,15,1,118
BRDA:301,16,0,15
BRDA:301,16,1,7
BRDA:306,17,0,0
BRDA:306,17,1,7
BRDA:312,18,0,15
BRDA:312,18,1,7
BRDA:317,19,0,7
BRDA:317,19,1,0
BRDA:323,20,0,15
BRDA:323,20,1,8
BRDA:323,20,2,8
BRDA:323,20,3,0
BRDA:336,21,0,15
BRDA:336,21,1,7
BRDA:353,22,0,8
BRDA:353,22,1,7
BRDA:379,23,0,15
BRDA:379,23,1,0
BRDA:393,24,0,15
BRDA:393,24,1,7
BRDA:446,25,0,15
BRDA:446,25,1,8
BRDA:446,25,2,8
BRF:54
BRH:40
end_of_record
TN:
SF:src\components\RadarChart.tsx
FN:25,(anonymous_0)
FN:35,(anonymous_1)
FN:38,(anonymous_2)
FN:43,(anonymous_3)
FN:44,(anonymous_4)
FN:46,(anonymous_5)
FN:47,(anonymous_6)
FN:48,(anonymous_7)
FN:49,(anonymous_8)
FN:55,(anonymous_9)
FN:56,(anonymous_10)
FN:67,(anonymous_11)
FN:78,(anonymous_12)
FN:112,(anonymous_13)
FN:115,(anonymous_14)
FN:120,(anonymous_15)
FNF:16
FNH:0
FNDA:0,(anonymous_0)
FNDA:0,(anonymous_1)
FNDA:0,(anonymous_2)
FNDA:0,(anonymous_3)
FNDA:0,(anonymous_4)
FNDA:0,(anonymous_5)
FNDA:0,(anonymous_6)
FNDA:0,(anonymous_7)
FNDA:0,(anonymous_8)
FNDA:0,(anonymous_9)
FNDA:0,(anonymous_10)
FNDA:0,(anonymous_11)
FNDA:0,(anonymous_12)
FNDA:0,(anonymous_13)
FNDA:0,(anonymous_14)
FNDA:0,(anonymous_15)
DA:25,0
DA:28,0
DA:29,0
DA:30,0
DA:31,0
DA:32,0
DA:35,0
DA:38,0
DA:43,0
DA:44,0
DA:46,0
DA:47,0
DA:48,0
DA:49,0
DA:52,0
DA:55,0
DA:56,0
DA:58,0
DA:68,0
DA:79,0
DA:80,0
DA:113,0
DA:116,0
DA:121,0
DA:122,0
DA:123,0
DA:125,0
DA:128,0
LF:28
LH:0
BRDA:26,0,0,0
BRDA:46,1,0,0
BRDA:46,1,1,0
BRDA:47,2,0,0
BRDA:47,2,1,0
BRDA:125,3,0,0
BRDA:125,3,1,0
BRDA:126,4,0,0
BRDA:126,4,1,0
BRF:9
BRH:0
end_of_record
TN:
SF:src\components\UserMenu.tsx
FN:11,(anonymous_0)
FN:18,(anonymous_1)
FN:19,(anonymous_2)
FN:24,(anonymous_3)
FN:38,(anonymous_4)
FN:47,(anonymous_5)
FN:60,(anonymous_6)
FN:69,(anonymous_7)
FN:69,(anonymous_8)
FN:110,(anonymous_9)
FN:120,(anonymous_10)
FNF:11
FNH:0
FNDA:0,(anonymous_0)
FNDA:0,(anonymous_1)
FNDA:0,(anonymous_2)
FNDA:0,(anonymous_3)
FNDA:0,(anonymous_4)
FNDA:0,(anonymous_5)
FNDA:0,(anonymous_6)
FNDA:0,(anonymous_7)
FNDA:0,(anonymous_8)
FNDA:0,(anonymous_9)
FNDA:0,(anonymous_10)
DA:11,0
DA:12,0
DA:13,0
DA:14,0
DA:15,0
DA:18,0
DA:19,0
DA:20,0
DA:21,0
DA:23,0
DA:24,0
DA:27,0
DA:28,0
DA:33,0
DA:34,0
DA:38,0
DA:47,0
DA:53,0
DA:57,0
DA:58,0
DA:60,0
DA:65,0
DA:69,0
DA:110,0
DA:120,0
LF:25
LH:0
BRDA:20,0,0,0
BRDA:20,0,1,0
BRDA:20,1,0,0
BRDA:20,1,1,0
BRDA:27,2,0,0
BRDA:27,2,1,0
BRDA:33,3,0,0
BRDA:33,3,1,0
BRDA:47,4,0,0
BRDA:47,4,1,0
BRDA:53,5,0,0
BRDA:53,5,1,0
BRDA:53,5,2,0
BRDA:53,5,3,0
BRDA:77,6,0,0
BRDA:77,6,1,0
BRDA:90,7,0,0
BRDA:90,7,1,0
BRDA:94,8,0,0
BRDA:94,8,1,0
BRF:20
BRH:0
end_of_record
TN:
SF:src\components\ui\scramble-hover.tsx
FN:29,scrambleChar
FN:44,ScrambleHover
FN:59,(anonymous_2)
FN:61,(anonymous_3)
FN:66,(anonymous_4)
FN:74,(anonymous_5)
FN:110,(anonymous_6)
FN:116,(anonymous_7)
FNF:8
FNH:0
FNDA:0,scrambleChar
FNDA:0,ScrambleHover
FNDA:0,(anonymous_2)
FNDA:0,(anonymous_3)
FNDA:0,(anonymous_4)
FNDA:0,(anonymous_5)
FNDA:0,(anonymous_6)
FNDA:0,(anonymous_7)
DA:27,0
DA:35,0
DA:36,0
DA:37,0
DA:41,0
DA:55,0
DA:56,0
DA:57,0
DA:59,0
DA:61,0
DA:62,0
DA:63,0
DA:64,0
DA:66,0
DA:67,0
DA:68,0
DA:69,0
DA:71,0
DA:75,0
DA:76,0
DA:77,0
DA:81,0
DA:82,0
DA:92,0
DA:94,0
DA:95,0
DA:96,0
DA:110,0
DA:111,0
DA:112,0
DA:113,0
DA:116,0
DA:118,0
DA:123,0
LF:34
LH:0
BRDA:35,0,0,0
BRDA:35,0,1,0
BRDA:36,1,0,0
BRDA:36,1,1,0
BRDA:38,2,0,0
BRDA:38,2,1,0
BRDA:41,3,0,0
BRDA:41,3,1,0
BRDA:47,4,0,0
BRDA:48,5,0,0
BRDA:49,6,0,0
BRDA:50,7,0,0
BRDA:51,8,0,0
BRDA:62,9,0,0
BRDA:62,9,1,0
BRDA:75,10,0,0
BRDA:75,10,1,0
BRDA:76,11,0,0
BRDA:76,11,1,0
BRDA:76,12,0,0
BRDA:76,12,1,0
BRDA:77,13,0,0
BRDA:77,13,1,0
BRDA:78,14,0,0
BRDA:78,14,1,0
BRDA:94,15,0,0
BRDA:94,15,1,0
BRDA:95,16,0,0
BRDA:95,16,1,0
BRDA:111,17,0,0
BRDA:111,17,1,0
BRDA:118,18,0,0
BRDA:118,18,1,0
BRF:33
BRH:0
end_of_record
TN:
SF:src\contexts\AuthContext.tsx
FN:29,(anonymous_0)
FN:30,(anonymous_1)
FN:31,(anonymous_2)
FN:32,(anonymous_3)
FN:33,(anonymous_4)
FN:36,(anonymous_5)
FN:38,fetchProfile
FN:48,ensureProfile
FN:62,(anonymous_8)
FN:67,(anonymous_9)
FN:71,(anonymous_10)
FN:79,(anonymous_11)
FN:85,(anonymous_12)
FN:88,(anonymous_13)
FN:96,(anonymous_14)
FN:102,(anonymous_15)
FN:108,(anonymous_16)
FN:115,(anonymous_17)
FNF:18
FNH:0
FNDA:0,(anonymous_0)
FNDA:0,(anonymous_1)
FNDA:0,(anonymous_2)
FNDA:0,(anonymous_3)
FNDA:0,(anonymous_4)
FNDA:0,(anonymous_5)
FNDA:0,fetchProfile
FNDA:0,ensureProfile
FNDA:0,(anonymous_8)
FNDA:0,(anonymous_9)
FNDA:0,(anonymous_10)
FNDA:0,(anonymous_11)
FNDA:0,(anonymous_12)
FNDA:0,(anonymous_13)
FNDA:0,(anonymous_14)
FNDA:0,(anonymous_15)
FNDA:0,(anonymous_16)
FNDA:0,(anonymous_17)
DA:27,0
DA:30,0
DA:31,0
DA:36,0
DA:39,0
DA:40,0
DA:45,0
DA:49,0
DA:51,0
DA:59,0
DA:62,0
DA:63,0
DA:64,0
DA:65,0
DA:67,0
DA:68,0
DA:71,0
DA:72,0
DA:73,0
DA:74,0
DA:75,0
DA:79,0
DA:80,0
DA:81,0
DA:82,0
DA:85,0
DA:88,0
DA:89,0
DA:90,0
DA:96,0
DA:97,0
DA:98,0
DA:99,0
DA:102,0
DA:103,0
DA:104,0
DA:105,0
DA:108,0
DA:109,0
DA:110,0
DA:111,0
DA:112,0
DA:115,0
DA:116,0
DA:117,0
DA:123,0
DA:126,0
LF:47
LH:0
BRDA:39,0,0,0
BRDA:39,0,1,0
BRDA:45,1,0,0
BRDA:45,1,1,0
BRDA:49,2,0,0
BRDA:49,2,1,0
BRDA:54,3,0,0
BRDA:54,3,1,0
BRDA:59,4,0,0
BRDA:59,4,1,0
BRDA:68,5,0,0
BRDA:68,5,1,0
BRDA:72,6,0,0
BRDA:72,6,1,0
BRDA:74,7,0,0
BRDA:74,7,1,0
BRDA:80,8,0,0
BRDA:80,8,1,0
BRDA:82,9,0,0
BRDA:82,9,1,0
BRDA:89,10,0,0
BRDA:89,10,1,0
BRDA:97,11,0,0
BRDA:97,11,1,0
BRDA:99,12,0,0
BRDA:99,12,1,0
BRDA:103,13,0,0
BRDA:103,13,1,0
BRDA:105,14,0,0
BRDA:105,14,1,0
BRDA:109,15,0,0
BRDA:109,15,1,0
BRDA:116,16,0,0
BRDA:116,16,1,0
BRDA:116,17,0,0
BRDA:116,17,1,0
BRDA:123,18,0,0
BRDA:123,18,1,0
BRF:38
BRH:0
end_of_record
TN:
SF:src\contexts\ScoreContext.tsx
FN:22,(anonymous_0)
FN:25,(anonymous_1)
FNF:2
FNH:0
FNDA:0,(anonymous_0)
FNDA:0,(anonymous_1)
DA:15,0
DA:22,0
DA:25,0
DA:26,0
DA:27,0
LF:5
LH:0
BRF:0
BRH:0
end_of_record
TN:
SF:src\data\players.ts
FN:180,(anonymous_0)
FN:181,(anonymous_1)
FN:182,(anonymous_2)
FNF:3
FNH:3
FNDA:24,(anonymous_0)
FNDA:24,(anonymous_1)
FNDA:24,(anonymous_2)
DA:7,1
DA:179,1
DA:180,24
DA:181,24
DA:182,24
LF:5
LH:5
BRF:0
BRH:0
end_of_record
TN:
SF:src\hooks\useScoreWebSocket.ts
FN:64,useScoreWebSocket
FN:75,(anonymous_1)
FN:81,(anonymous_2)
FN:87,(anonymous_3)
FN:99,(anonymous_4)
FN:107,(anonymous_5)
FN:115,(anonymous_6)
FN:118,(anonymous_7)
FNF:8
FNH:0
FNDA:0,useScoreWebSocket
FNDA:0,(anonymous_1)
FNDA:0,(anonymous_2)
FNDA:0,(anonymous_3)
FNDA:0,(anonymous_4)
FNDA:0,(anonymous_5)
FNDA:0,(anonymous_6)
FNDA:0,(anonymous_7)
DA:9,0
DA:54,0
DA:55,0
DA:65,0
DA:66,0
DA:67,0
DA:68,0
DA:70,0
DA:71,0
DA:72,0
DA:73,0
DA:75,0
DA:76,0
DA:77,0
DA:78,0
DA:79,0
DA:81,0
DA:82,0
DA:83,0
DA:84,0
DA:87,0
DA:88,0
DA:89,0
DA:90,0
DA:91,0
DA:92,0
DA:93,0
DA:94,0
DA:99,0
DA:100,0
DA:101,0
DA:102,0
DA:103,0
DA:104,0
DA:107,0
DA:108,0
DA:115,0
DA:116,0
DA:117,0
DA:118,0
DA:119,0
DA:120,0
DA:121,0
DA:125,0
LF:44
LH:0
BRDA:54,0,0,0
BRDA:54,0,1,0
BRDA:76,1,0,0
BRDA:76,1,1,0
BRDA:82,2,0,0
BRDA:82,2,1,0
BRDA:88,3,0,0
BRDA:88,3,1,0
BRDA:91,4,0,0
BRDA:91,4,1,0
BRDA:91,5,0,0
BRDA:91,5,1,0
BRDA:93,6,0,0
BRDA:93,6,1,0
BRDA:100,7,0,0
BRDA:100,7,1,0
BRDA:121,8,0,0
BRDA:121,8,1,0
BRF:18
BRH:0
end_of_record
TN:
SF:src\lib\supabase.ts
FNF:0
FNH:0
DA:6,0
DA:7,0
DA:11,0
DA:15,0
LF:4
LH:0
BRDA:11,0,0,0
BRDA:11,0,1,0
BRDA:11,1,0,0
BRDA:11,1,1,0
BRDA:15,2,0,0
BRDA:15,2,1,0
BRF:6
BRH:0
end_of_record
TN:
SF:src\lib\utils.ts
FN:4,cn
FNF:1
FNH:0
FNDA:0,cn
DA:5,0
LF:1
LH:0
BRF:0
BRH:0
end_of_record
TN:
SF:src\pages\BracketPage.tsx
FN:98,(anonymous_0)
FN:166,(anonymous_1)
FN:182,(anonymous_2)
FN:189,(anonymous_3)
FN:231,(anonymous_4)
FN:234,(anonymous_5)
FN:235,(anonymous_6)
FN:270,(anonymous_7)
FN:275,(anonymous_8)
FN:304,(anonymous_9)
FN:309,(anonymous_10)
FN:327,(anonymous_11)
FN:332,(anonymous_12)
FN:349,(anonymous_13)
FN:360,(anonymous_14)
FNF:15
FNH:0
FNDA:0,(anonymous_0)
FNDA:0,(anonymous_1)
FNDA:0,(anonymous_2)
FNDA:0,(anonymous_3)
FNDA:0,(anonymous_4)
FNDA:0,(anonymous_5)
FNDA:0,(anonymous_6)
FNDA:0,(anonymous_7)
FNDA:0,(anonymous_8)
FNDA:0,(anonymous_9)
FNDA:0,(anonymous_10)
FNDA:0,(anonymous_11)
FNDA:0,(anonymous_12)
FNDA:0,(anonymous_13)
FNDA:0,(anonymous_14)
DA:25,0
DA:90,0
DA:98,0
DA:103,0
DA:104,0
DA:106,0
DA:166,0
DA:167,0
DA:182,0
DA:183,0
DA:189,0
DA:190,0
DA:231,0
DA:232,0
DA:234,0
DA:235,0
DA:237,0
DA:271,0
DA:275,0
DA:305,0
DA:309,0
DA:328,0
DA:332,0
DA:350,0
DA:360,0
LF:25
LH:0
BRDA:112,0,0,0
BRDA:112,0,1,0
BRDA:117,1,0,0
BRDA:117,1,1,0
BRDA:131,2,0,0
BRDA:131,2,1,0
BRDA:131,3,0,0
BRDA:131,3,1,0
BRDA:137,4,0,0
BRDA:137,4,1,0
BRDA:137,5,0,0
BRDA:137,5,1,0
BRDA:143,6,0,0
BRDA:143,6,1,0
BRDA:144,7,0,0
BRDA:144,7,1,0
BRDA:150,8,0,0
BRDA:150,8,1,0
BRDA:150,9,0,0
BRDA:150,9,1,0
BRDA:156,10,0,0
BRDA:156,10,1,0
BRDA:157,11,0,0
BRDA:157,11,1,0
BRDA:168,12,0,0
BRDA:168,12,1,0
BRDA:235,13,0,0
BRDA:235,13,1,0
BRDA:358,14,0,0
BRDA:358,14,1,0
BRF:30
BRH:0
end_of_record
TN:
SF:src\pages\FanGuidePage.tsx
FN:96,(anonymous_0)
FN:102,(anonymous_1)
FN:119,(anonymous_2)
FN:146,(anonymous_3)
FN:157,(anonymous_4)
FN:166,(anonymous_5)
FN:195,(anonymous_6)
FN:216,(anonymous_7)
FN:234,(anonymous_8)
FNF:9
FNH:0
FNDA:0,(anonymous_0)
FNDA:0,(anonymous_1)
FNDA:0,(anonymous_2)
FNDA:0,(anonymous_3)
FNDA:0,(anonymous_4)
FNDA:0,(anonymous_5)
FNDA:0,(anonymous_6)
FNDA:0,(anonymous_7)
FNDA:0,(anonymous_8)
DA:22,0
DA:96,0
DA:97,0
DA:98,0
DA:102,0
DA:119,0
DA:120,0
DA:122,0
DA:147,0
DA:158,0
DA:166,0
DA:167,0
DA:196,0
DA:217,0
DA:235,0
LF:15
LH:0
BRDA:108,0,0,0
BRDA:108,0,1,0
BRDA:111,1,0,0
BRDA:111,1,1,0
BRF:4
BRH:0
end_of_record
TN:
SF:src\pages\HelpCentrePage.tsx
FN:66,(anonymous_0)
FN:72,(anonymous_1)
FN:89,(anonymous_2)
FN:93,(anonymous_3)
FN:95,(anonymous_4)
FN:97,(anonymous_5)
FN:101,(anonymous_6)
FN:134,(anonymous_7)
FN:160,(anonymous_8)
FN:170,(anonymous_9)
FN:173,(anonymous_10)
FN:188,(anonymous_11)
FN:191,(anonymous_12)
FN:207,(anonymous_13)
FNF:14
FNH:13
FNDA:67,(anonymous_0)
FNDA:3,(anonymous_1)
FNDA:35,(anonymous_2)
FNDA:36,(anonymous_3)
FNDA:100,(anonymous_4)
FNDA:375,(anonymous_5)
FNDA:25,(anonymous_6)
FNDA:25,(anonymous_7)
FNDA:25,(anonymous_8)
FNDA:40,(anonymous_9)
FNDA:1,(anonymous_10)
FNDA:40,(anonymous_11)
FNDA:0,(anonymous_12)
FNDA:39,(anonymous_13)
DA:19,1
DA:66,1
DA:67,67
DA:68,67
DA:72,3
DA:89,1
DA:90,35
DA:91,35
DA:93,36
DA:94,35
DA:96,100
DA:98,375
DA:101,25
DA:105,35
DA:134,25
DA:161,25
DA:171,40
DA:173,1
DA:189,40
DA:191,0
DA:208,39
LF:21
LH:20
BRDA:78,0,0,2
BRDA:78,0,1,65
BRDA:81,1,0,67
BRDA:81,1,1,2
BRDA:93,2,0,35
BRDA:93,2,1,0
BRDA:94,3,0,25
BRDA:94,3,1,10
BRDA:98,4,0,375
BRDA:98,4,1,360
BRDA:146,5,0,25
BRDA:146,5,1,10
BRDA:148,6,0,23
BRDA:148,6,1,2
BRDA:149,7,0,20
BRDA:149,7,1,5
BRDA:176,8,0,10
BRDA:176,8,1,30
BRDA:177,9,0,10
BRDA:177,9,1,30
BRDA:178,10,0,10
BRDA:178,10,1,30
BRDA:194,11,0,10
BRDA:194,11,1,30
BRDA:195,12,0,10
BRDA:195,12,1,30
BRDA:196,13,0,10
BRDA:196,13,1,30
BRF:28
BRH:27
end_of_record
TN:
SF:src\pages\MatchPredictorPage.tsx
FN:75,getVotes
FN:83,saveVotes
FN:86,getUserVote
FN:89,saveUserVote
FN:94,(anonymous_4)
FN:114,(anonymous_5)
FN:120,(anonymous_6)
FN:121,(anonymous_7)
FN:124,(anonymous_8)
FN:130,(anonymous_9)
FN:134,(anonymous_10)
FN:139,(anonymous_11)
FN:146,(anonymous_12)
FN:176,(anonymous_13)
FN:182,(anonymous_14)
FN:199,(anonymous_15)
FN:212,(anonymous_16)
FN:231,(anonymous_17)
FN:250,(anonymous_18)
FN:278,(anonymous_19)
FN:281,(anonymous_20)
FN:316,(anonymous_21)
FNF:22
FNH:0
FNDA:0,getVotes
FNDA:0,saveVotes
FNDA:0,getUserVote
FNDA:0,saveUserVote
FNDA:0,(anonymous_4)
FNDA:0,(anonymous_5)
FNDA:0,(anonymous_6)
FNDA:0,(anonymous_7)
FNDA:0,(anonymous_8)
FNDA:0,(anonymous_9)
FNDA:0,(anonymous_10)
FNDA:0,(anonymous_11)
FNDA:0,(anonymous_12)
FNDA:0,(anonymous_13)
FNDA:0,(anonymous_14)
FNDA:0,(anonymous_15)
FNDA:0,(anonymous_16)
FNDA:0,(anonymous_17)
FNDA:0,(anonymous_18)
FNDA:0,(anonymous_19)
FNDA:0,(anonymous_20)
FNDA:0,(anonymous_21)
DA:24,0
DA:70,0
DA:76,0
DA:77,0
DA:78,0
DA:80,0
DA:84,0
DA:87,0
DA:90,0
DA:94,0
DA:95,0
DA:114,0
DA:115,0
DA:116,0
DA:117,0
DA:119,0
DA:120,0
DA:121,0
DA:124,0
DA:125,0
DA:126,0
DA:127,0
DA:130,0
DA:131,0
DA:132,0
DA:133,0
DA:134,0
DA:136,0
DA:139,0
DA:141,0
DA:142,0
DA:143,0
DA:144,0
DA:146,0
DA:147,0
DA:148,0
DA:149,0
DA:150,0
DA:151,0
DA:152,0
DA:155,0
DA:176,0
DA:183,0
DA:200,0
DA:213,0
DA:232,0
DA:250,0
DA:279,0
DA:281,0
DA:317,0
LF:50
LH:0
BRDA:78,0,0,0
BRDA:78,0,1,0
BRDA:94,1,0,0
BRDA:134,2,0,0
BRDA:134,2,1,0
BRDA:147,3,0,0
BRDA:147,3,1,0
BRDA:255,4,0,0
BRDA:255,4,1,0
BRDA:272,5,0,0
BRDA:272,5,1,0
BRDA:294,6,0,0
BRDA:294,6,1,0
BRDA:295,7,0,0
BRDA:295,7,1,0
BRDA:310,8,0,0
BRDA:310,8,1,0
BRDA:331,9,0,0
BRDA:331,9,1,0
BRF:19
BRH:0
end_of_record
TN:
SF:src\pages\MatchSchedulePage.tsx
FN:52,(anonymous_0)
FN:103,(anonymous_1)
FN:108,(anonymous_2)
FN:152,(anonymous_3)
FN:166,(anonymous_4)
FN:172,(anonymous_5)
FN:197,(anonymous_6)
FNF:7
FNH:7
FNDA:141,(anonymous_0)
FNDA:11,(anonymous_1)
FNDA:51,(anonymous_2)
FNDA:44,(anonymous_3)
FNDA:66,(anonymous_4)
FNDA:4,(anonymous_5)
FNDA:141,(anonymous_6)
DA:20,1
DA:42,1
DA:43,1
DA:52,1
DA:53,141
DA:54,141
DA:103,1
DA:104,11
DA:106,11
DA:108,51
DA:110,11
DA:153,44
DA:167,66
DA:168,66
DA:169,66
DA:172,4
DA:198,141
LF:17
LH:17
BRDA:53,0,0,141
BRDA:53,0,1,0
BRDA:68,1,0,96
BRDA:68,1,1,45
BRDA:106,2,0,8
BRDA:106,2,1,3
BRDA:167,3,0,11
BRDA:167,3,1,55
BRDA:175,4,0,11
BRDA:175,4,1,55
BRDA:176,5,0,11
BRDA:176,5,1,55
BRDA:177,6,0,11
BRDA:177,6,1,55
BRDA:189,7,0,11
BRDA:189,7,1,1
BRF:16
BRH:15
end_of_record
TN:
SF:src\pages\MediaCentrePage.tsx
FN:83,(anonymous_0)
FN:131,(anonymous_1)
FN:165,(anonymous_2)
FN:186,(anonymous_3)
FN:197,(anonymous_4)
FNF:5
FNH:0
FNDA:0,(anonymous_0)
FNDA:0,(anonymous_1)
FNDA:0,(anonymous_2)
FNDA:0,(anonymous_3)
FNDA:0,(anonymous_4)
DA:18,0
DA:71,0
DA:83,0
DA:84,0
DA:131,0
DA:132,0
DA:166,0
DA:187,0
DA:198,0
LF:9
LH:0
BRDA:86,0,0,0
BRDA:86,0,1,0
BRDA:89,1,0,0
BRDA:89,1,1,0
BRDA:117,2,0,0
BRDA:117,2,1,0
BRF:6
BRH:0
end_of_record
TN:
SF:src\pages\PlayerComparePage.tsx
FN:28,(anonymous_0)
FN:97,(anonymous_1)
FN:99,(anonymous_2)
FN:116,(anonymous_3)
FN:123,(anonymous_4)
FN:136,(anonymous_5)
FN:137,(anonymous_6)
FN:145,(anonymous_7)
FN:145,(anonymous_8)
FN:157,(anonymous_9)
FN:158,(anonymous_10)
FN:159,(anonymous_11)
FN:162,(anonymous_12)
FN:174,(anonymous_13)
FN:178,(anonymous_14)
FN:180,(anonymous_15)
FN:184,(anonymous_16)
FN:185,(anonymous_17)
FN:186,(anonymous_18)
FN:210,(anonymous_19)
FN:213,(anonymous_20)
FN:235,(anonymous_21)
FN:272,(anonymous_22)
FN:323,(anonymous_23)
FNF:24
FNH:0
FNDA:0,(anonymous_0)
FNDA:0,(anonymous_1)
FNDA:0,(anonymous_2)
FNDA:0,(anonymous_3)
FNDA:0,(anonymous_4)
FNDA:0,(anonymous_5)
FNDA:0,(anonymous_6)
FNDA:0,(anonymous_7)
FNDA:0,(anonymous_8)
FNDA:0,(anonymous_9)
FNDA:0,(anonymous_10)
FNDA:0,(anonymous_11)
FNDA:0,(anonymous_12)
FNDA:0,(anonymous_13)
FNDA:0,(anonymous_14)
FNDA:0,(anonymous_15)
FNDA:0,(anonymous_16)
FNDA:0,(anonymous_17)
FNDA:0,(anonymous_18)
FNDA:0,(anonymous_19)
FNDA:0,(anonymous_20)
FNDA:0,(anonymous_21)
FNDA:0,(anonymous_22)
FNDA:0,(anonymous_23)
DA:12,0
DA:20,0
DA:28,0
DA:36,0
DA:37,0
DA:38,0
DA:39,0
DA:41,0
DA:97,0
DA:98,0
DA:99,0
DA:100,0
DA:101,0
DA:111,0
DA:116,0
DA:123,0
DA:129,0
DA:137,0
DA:138,0
DA:145,0
DA:146,0
DA:157,0
DA:158,0
DA:159,0
DA:160,0
DA:162,0
DA:163,0
DA:164,0
DA:165,0
DA:174,0
DA:175,0
DA:176,0
DA:177,0
DA:178,0
DA:179,0
DA:180,0
DA:184,0
DA:185,0
DA:186,0
DA:187,0
DA:190,0
DA:211,0
DA:213,0
DA:236,0
DA:273,0
DA:324,0
LF:46
LH:0
BRDA:45,0,0,0
BRDA:45,0,1,0
BRDA:46,1,0,0
BRDA:46,1,1,0
BRDA:49,2,0,0
BRDA:49,2,1,0
BRDA:55,3,0,0
BRDA:55,3,1,0
BRDA:56,4,0,0
BRDA:56,4,1,0
BRDA:58,5,0,0
BRDA:58,5,1,0
BRDA:100,6,0,0
BRDA:100,6,1,0
BRDA:100,7,0,0
BRDA:100,7,1,0
BRDA:138,8,0,0
BRDA:138,8,1,0
BRDA:170,9,0,0
BRDA:170,9,1,0
BRDA:170,10,0,0
BRDA:170,10,1,0
BRDA:187,11,0,0
BRDA:187,11,1,0
BRDA:187,12,0,0
BRDA:187,12,1,0
BRDA:244,13,0,0
BRDA:244,13,1,0
BRDA:245,14,0,0
BRDA:245,14,1,0
BRDA:246,15,0,0
BRDA:246,15,1,0
BRDA:296,16,0,0
BRDA:296,16,1,0
BRDA:327,17,0,0
BRDA:327,17,1,0
BRF:36
BRH:0
end_of_record
TN:
SF:src\pages\PlayersPage.tsx
FN:24,(anonymous_0)
FN:28,(anonymous_1)
FN:56,(anonymous_2)
FN:63,(anonymous_3)
FN:66,(anonymous_4)
FN:70,(anonymous_5)
FN:137,(anonymous_6)
FN:140,(anonymous_7)
FN:144,(anonymous_8)
FN:205,(anonymous_9)
FN:206,(anonymous_10)
FN:207,(anonymous_11)
FN:210,(anonymous_12)
FN:228,(anonymous_13)
FN:288,(anonymous_14)
FN:327,(anonymous_15)
FN:334,(anonymous_16)
FN:335,(anonymous_17)
FN:339,(anonymous_18)
FN:340,(anonymous_19)
FN:340,(anonymous_20)
FN:344,(anonymous_21)
FN:347,(anonymous_22)
FN:351,(anonymous_23)
FN:401,(anonymous_24)
FN:420,(anonymous_25)
FN:430,(anonymous_26)
FN:442,(anonymous_27)
FN:445,(anonymous_28)
FN:467,(anonymous_29)
FN:470,(anonymous_30)
FN:492,(anonymous_31)
FN:505,(anonymous_32)
FN:514,(anonymous_33)
FNF:34
FNH:27
FNDA:339,(anonymous_0)
FNDA:634,(anonymous_1)
FNDA:0,(anonymous_2)
FNDA:55,(anonymous_3)
FNDA:2,(anonymous_4)
FNDA:0,(anonymous_5)
FNDA:282,(anonymous_6)
FNDA:0,(anonymous_7)
FNDA:0,(anonymous_8)
FNDA:2,(anonymous_9)
FNDA:2,(anonymous_10)
FNDA:0,(anonymous_11)
FNDA:2,(anonymous_12)
FNDA:1,(anonymous_13)
FNDA:10,(anonymous_14)
FNDA:17,(anonymous_15)
FNDA:1,(anonymous_16)
FNDA:0,(anonymous_17)
FNDA:7,(anonymous_18)
FNDA:35,(anonymous_19)
FNDA:105,(anonymous_20)
FNDA:14,(anonymous_21)
FNDA:336,(anonymous_22)
FNDA:694,(anonymous_23)
FNDA:55,(anonymous_24)
FNDA:5,(anonymous_25)
FNDA:0,(anonymous_26)
FNDA:51,(anonymous_27)
FNDA:1,(anonymous_28)
FNDA:85,(anonymous_29)
FNDA:1,(anonymous_30)
FNDA:282,(anonymous_31)
FNDA:282,(anonymous_32)
FNDA:1,(anonymous_33)
DA:14,1
DA:18,1
DA:19,1
DA:24,1
DA:25,339
DA:26,339
DA:28,634
DA:34,339
DA:38,339
DA:39,0
DA:51,339
DA:56,0
DA:63,1
DA:64,55
DA:66,2
DA:70,0
DA:137,1
DA:138,282
DA:140,0
DA:144,0
DA:205,1
DA:206,2
DA:207,2
DA:208,2
DA:209,2
DA:210,2
DA:211,2
DA:212,2
DA:216,2
DA:224,2
DA:228,1
DA:289,10
DA:313,1
DA:321,1
DA:327,1
DA:328,17
DA:329,17
DA:330,17
DA:331,17
DA:332,17
DA:334,17
DA:335,1
DA:336,1
DA:339,17
DA:340,105
DA:344,17
DA:345,14
DA:346,14
DA:347,336
DA:352,694
DA:353,694
DA:354,694
DA:355,694
DA:356,694
DA:360,17
DA:362,17
DA:402,55
DA:420,5
DA:430,0
DA:443,51
DA:445,1
DA:468,85
DA:470,1
DA:492,282
DA:506,282
DA:514,1
LF:66
LH:60
BRDA:34,0,0,55
BRDA:34,0,1,284
BRDA:35,1,0,2
BRDA:35,1,1,282
BRDA:38,2,0,0
BRDA:38,2,1,339
BRDA:38,3,0,339
BRDA:38,3,1,339
BRDA:42,4,0,0
BRDA:42,4,1,0
BRDA:42,5,0,0
BRDA:42,5,1,0
BRDA:70,6,0,0
BRDA:70,6,1,0
BRDA:70,7,0,0
BRDA:70,7,1,0
BRDA:144,8,0,0
BRDA:144,8,1,0
BRDA:144,9,0,0
BRDA:144,9,1,0
BRDA:207,10,0,0
BRDA:207,10,1,0
BRDA:228,11,0,0
BRDA:228,11,1,1
BRDA:335,12,0,0
BRDA:335,12,1,1
BRDA:347,13,0,336
BRDA:347,13,1,24
BRDA:347,13,2,314
BRDA:347,13,3,120
BRDA:347,13,4,107
BRDA:353,14,0,617
BRDA:353,14,1,77
BRDA:354,15,0,77
BRDA:354,15,1,617
BRDA:355,16,0,0
BRDA:355,16,1,694
BRDA:356,17,0,617
BRDA:356,17,1,77
BRDA:360,18,0,17
BRDA:360,18,1,12
BRDA:393,19,0,17
BRDA:393,19,1,11
BRDA:428,20,0,17
BRDA:428,20,1,5
BRDA:448,21,0,17
BRDA:448,21,1,34
BRDA:455,22,0,51
BRDA:455,22,1,17
BRDA:456,23,0,16
BRDA:456,23,1,1
BRDA:473,24,0,17
BRDA:473,24,1,68
BRDA:478,25,0,85
BRDA:478,25,1,68
BRDA:498,26,0,0
BRDA:498,26,1,17
BRDA:513,27,0,17
BRDA:513,27,1,2
BRF:59
BRH:40
end_of_record
TN:
SF:src\pages\ProfilePage.tsx
FN:34,(anonymous_0)
FN:49,(anonymous_1)
FN:59,(anonymous_2)
FN:75,(anonymous_3)
FN:84,(anonymous_4)
FN:89,(anonymous_5)
FN:92,(anonymous_6)
FN:118,(anonymous_7)
FN:119,(anonymous_8)
FN:167,(anonymous_9)
FN:180,(anonymous_10)
FN:185,(anonymous_11)
FN:195,(anonymous_12)
FN:200,(anonymous_13)
FN:219,(anonymous_14)
FN:223,(anonymous_15)
FN:228,(anonymous_16)
FN:253,(anonymous_17)
FN:284,(anonymous_18)
FN:296,(anonymous_19)
FNF:20
FNH:0
FNDA:0,(anonymous_0)
FNDA:0,(anonymous_1)
FNDA:0,(anonymous_2)
FNDA:0,(anonymous_3)
FNDA:0,(anonymous_4)
FNDA:0,(anonymous_5)
FNDA:0,(anonymous_6)
FNDA:0,(anonymous_7)
FNDA:0,(anonymous_8)
FNDA:0,(anonymous_9)
FNDA:0,(anonymous_10)
FNDA:0,(anonymous_11)
FNDA:0,(anonymous_12)
FNDA:0,(anonymous_13)
FNDA:0,(anonymous_14)
FNDA:0,(anonymous_15)
FNDA:0,(anonymous_16)
FNDA:0,(anonymous_17)
FNDA:0,(anonymous_18)
FNDA:0,(anonymous_19)
DA:13,0
DA:19,0
DA:28,0
DA:34,0
DA:35,0
DA:37,0
DA:38,0
DA:39,0
DA:40,0
DA:41,0
DA:42,0
DA:44,0
DA:45,0
DA:46,0
DA:49,0
DA:50,0
DA:51,0
DA:52,0
DA:53,0
DA:54,0
DA:59,0
DA:60,0
DA:61,0
DA:62,0
DA:76,0
DA:77,0
DA:78,0
DA:79,0
DA:80,0
DA:84,0
DA:85,0
DA:86,0
DA:87,0
DA:88,0
DA:89,0
DA:92,0
DA:93,0
DA:94,0
DA:95,0
DA:98,0
DA:99,0
DA:102,0
DA:104,0
DA:105,0
DA:116,0
DA:117,0
DA:118,0
DA:119,0
DA:121,0
DA:167,0
DA:180,0
DA:185,0
DA:195,0
DA:201,0
DA:219,0
DA:223,0
DA:228,0
DA:254,0
DA:284,0
DA:297,0
LF:60
LH:0
BRDA:50,0,0,0
BRDA:50,0,1,0
BRDA:51,1,0,0
BRDA:51,1,1,0
BRDA:52,2,0,0
BRDA:52,2,1,0
BRDA:53,3,0,0
BRDA:53,3,1,0
BRDA:54,4,0,0
BRDA:54,4,1,0
BRDA:60,5,0,0
BRDA:60,5,1,0
BRDA:60,6,0,0
BRDA:60,6,1,0
BRDA:76,7,0,0
BRDA:76,7,1,0
BRDA:76,8,0,0
BRDA:76,8,1,0
BRDA:78,9,0,0
BRDA:78,9,1,0
BRDA:78,10,0,0
BRDA:78,10,1,0
BRDA:93,11,0,0
BRDA:93,11,1,0
BRDA:93,12,0,0
BRDA:93,12,1,0
BRDA:93,12,2,0
BRDA:98,13,0,0
BRDA:98,13,1,0
BRDA:102,14,0,0
BRDA:102,14,1,0
BRDA:104,15,0,0
BRDA:104,15,1,0
BRDA:116,16,0,0
BRDA:116,16,1,0
BRDA:116,16,2,0
BRDA:116,16,3,0
BRDA:133,17,0,0
BRDA:133,17,1,0
BRDA:206,18,0,0
BRDA:206,18,1,0
BRDA:235,19,0,0
BRDA:235,19,1,0
BRDA:235,20,0,0
BRDA:235,20,1,0
BRDA:248,21,0,0
BRDA:248,21,1,0
BRDA:249,22,0,0
BRDA:249,22,1,0
BRDA:249,22,2,0
BRDA:259,23,0,0
BRDA:259,23,1,0
BRDA:265,24,0,0
BRDA:265,24,1,0
BRDA:266,25,0,0
BRDA:266,25,1,0
BRDA:282,26,0,0
BRDA:282,26,1,0
BRDA:291,27,0,0
BRDA:291,27,1,0
BRDA:292,28,0,0
BRDA:292,28,1,0
BRDA:292,28,2,0
BRDA:300,29,0,0
BRDA:300,29,1,0
BRF:65
BRH:0
end_of_record
TN:
SF:src\pages\SocialWallPage.tsx
FN:62,timeAgo
FN:70,(anonymous_1)
FN:87,(anonymous_2)
FN:105,(anonymous_3)
FN:127,(anonymous_4)
FN:129,(anonymous_5)
FN:139,(anonymous_6)
FN:143,(anonymous_7)
FN:148,(anonymous_8)
FN:150,(anonymous_9)
FN:151,(anonymous_10)
FN:152,(anonymous_11)
FN:156,(anonymous_12)
FN:169,(anonymous_13)
FN:173,(anonymous_14)
FN:195,(anonymous_15)
FN:198,(anonymous_16)
FN:215,(anonymous_17)
FN:218,(anonymous_18)
FN:234,(anonymous_19)
FN:255,(anonymous_20)
FN:255,(anonymous_21)
FN:260,(anonymous_22)
FN:269,(anonymous_23)
FN:270,(anonymous_24)
FN:299,(anonymous_25)
FN:318,(anonymous_26)
FNF:27
FNH:21
FNDA:231,timeAgo
FNDA:231,(anonymous_1)
FNDA:1,(anonymous_2)
FNDA:0,(anonymous_3)
FNDA:47,(anonymous_4)
FNDA:9,(anonymous_5)
FNDA:10,(anonymous_6)
FNDA:0,(anonymous_7)
FNDA:10,(anonymous_8)
FNDA:1,(anonymous_9)
FNDA:1,(anonymous_10)
FNDA:5,(anonymous_11)
FNDA:1,(anonymous_12)
FNDA:1,(anonymous_13)
FNDA:380,(anonymous_14)
FNDA:141,(anonymous_15)
FNDA:1,(anonymous_16)
FNDA:94,(anonymous_17)
FNDA:1,(anonymous_18)
FNDA:0,(anonymous_19)
FNDA:0,(anonymous_20)
FNDA:0,(anonymous_21)
FNDA:552,(anonymous_22)
FNDA:19,(anonymous_23)
FNDA:19,(anonymous_24)
FNDA:231,(anonymous_25)
FNDA:0,(anonymous_26)
DA:30,1
DA:39,1
DA:47,1
DA:63,231
DA:64,231
DA:65,230
DA:66,0
DA:70,1
DA:71,231
DA:87,1
DA:105,1
DA:106,0
DA:127,1
DA:128,47
DA:129,47
DA:130,47
DA:131,47
DA:132,47
DA:133,47
DA:134,47
DA:135,47
DA:137,47
DA:139,47
DA:140,10
DA:141,10
DA:142,10
DA:143,10
DA:145,10
DA:148,47
DA:150,47
DA:151,1
DA:152,5
DA:156,47
DA:157,1
DA:158,1
DA:159,1
DA:169,1
DA:170,1
DA:173,380
DA:175,47
DA:196,141
DA:198,1
DA:216,94
DA:218,1
DA:234,0
DA:255,0
DA:261,552
DA:269,19
DA:270,19
DA:299,231
DA:318,0
LF:51
LH:46
BRDA:64,0,0,1
BRDA:64,0,1,230
BRDA:65,1,0,230
BRDA:65,1,1,0
BRDA:92,2,0,2
BRDA:92,2,1,229
BRDA:119,3,0,0
BRDA:119,3,1,0
BRDA:143,4,0,10
BRDA:143,4,1,0
BRDA:152,5,0,1
BRDA:152,5,1,4
BRDA:158,6,0,0
BRDA:158,6,1,1
BRDA:201,7,0,47
BRDA:201,7,1,94
BRDA:221,8,0,47
BRDA:221,8,1,47
BRDA:227,9,0,47
BRDA:227,9,1,47
BRDA:228,10,0,47
BRDA:228,10,1,47
BRDA:232,11,0,47
BRDA:232,11,1,1
BRDA:239,12,0,0
BRDA:239,12,1,1
BRDA:245,13,0,47
BRDA:245,13,1,46
BRDA:255,14,0,0
BRDA:255,14,1,0
BRDA:270,15,0,0
BRDA:270,15,1,19
BRDA:270,16,0,19
BRDA:270,16,1,0
BRDA:270,16,2,0
BRDA:304,17,0,47
BRDA:304,17,1,1
BRDA:306,18,0,1
BRDA:306,18,1,0
BRDA:312,19,0,1
BRDA:312,19,1,1
BRDA:312,19,2,1
BRF:42
BRH:30
end_of_record
TN:
SF:src\pages\StadiumPage.tsx
FN:45,arcPath
FN:56,occupancy
FN:62,densityColor
FN:69,densityOpacity
FN:83,facilitySet
FN:92,buildSections
FN:95,(anonymous_6)
FN:143,(anonymous_7)
FN:148,(anonymous_8)
FN:149,(anonymous_9)
FN:162,(anonymous_10)
FN:171,(anonymous_11)
FN:175,(anonymous_12)
FN:180,(anonymous_13)
FN:189,(anonymous_14)
FN:193,(anonymous_15)
FN:211,(anonymous_16)
FN:227,(anonymous_17)
FN:231,(anonymous_18)
FN:234,(anonymous_19)
FN:235,(anonymous_20)
FN:260,(anonymous_21)
FN:263,(anonymous_22)
FN:283,(anonymous_23)
FN:303,(anonymous_24)
FN:328,(anonymous_25)
FN:377,(anonymous_26)
FNF:27
FNH:0
FNDA:0,arcPath
FNDA:0,occupancy
FNDA:0,densityColor
FNDA:0,densityOpacity
FNDA:0,facilitySet
FNDA:0,buildSections
FNDA:0,(anonymous_6)
FNDA:0,(anonymous_7)
FNDA:0,(anonymous_8)
FNDA:0,(anonymous_9)
FNDA:0,(anonymous_10)
FNDA:0,(anonymous_11)
FNDA:0,(anonymous_12)
FNDA:0,(anonymous_13)
FNDA:0,(anonymous_14)
FNDA:0,(anonymous_15)
FNDA:0,(anonymous_16)
FNDA:0,(anonymous_17)
FNDA:0,(anonymous_18)
FNDA:0,(anonymous_19)
FNDA:0,(anonymous_20)
FNDA:0,(anonymous_21)
FNDA:0,(anonymous_22)
FNDA:0,(anonymous_23)
FNDA:0,(anonymous_24)
FNDA:0,(anonymous_25)
FNDA:0,(anonymous_26)
DA:36,0
DA:43,0
DA:46,0
DA:47,0
DA:48,0
DA:49,0
DA:50,0
DA:51,0
DA:52,0
DA:57,0
DA:58,0
DA:59,0
DA:63,0
DA:64,0
DA:65,0
DA:66,0
DA:70,0
DA:71,0
DA:72,0
DA:75,0
DA:76,0
DA:84,0
DA:85,0
DA:86,0
DA:87,0
DA:88,0
DA:93,0
DA:94,0
DA:95,0
DA:96,0
DA:97,0
DA:98,0
DA:99,0
DA:101,0
DA:102,0
DA:105,0
DA:135,0
DA:143,0
DA:148,0
DA:149,0
DA:151,0
DA:163,0
DA:171,0
DA:175,0
DA:181,0
DA:189,0
DA:193,0
DA:212,0
DA:227,0
DA:228,0
DA:229,0
DA:230,0
DA:231,0
DA:234,0
DA:235,0
DA:236,0
DA:238,0
DA:261,0
DA:263,0
DA:284,0
DA:304,0
DA:328,0
DA:378,0
DA:379,0
LF:64
LH:0
BRDA:51,0,0,0
BRDA:51,0,1,0
BRDA:63,1,0,0
BRDA:63,1,1,0
BRDA:64,2,0,0
BRDA:64,2,1,0
BRDA:65,3,0,0
BRDA:65,3,1,0
BRDA:70,4,0,0
BRDA:70,4,1,0
BRDA:71,5,0,0
BRDA:71,5,1,0
BRDA:85,6,0,0
BRDA:85,6,1,0
BRDA:86,7,0,0
BRDA:86,7,1,0
BRDA:87,8,0,0
BRDA:87,8,1,0
BRDA:175,9,0,0
BRDA:175,9,1,0
BRDA:193,10,0,0
BRDA:193,10,1,0
BRDA:266,11,0,0
BRDA:266,11,1,0
BRDA:314,12,0,0
BRDA:314,12,1,0
BRDA:323,13,0,0
BRDA:323,13,1,0
BRDA:405,14,0,0
BRDA:405,14,1,0
BRF:30
BRH:0
end_of_record
TN:
SF:src\pages\VenuesPage.tsx
FN:194,(anonymous_0)
FN:240,(anonymous_1)
FN:251,(anonymous_2)
FN:260,(anonymous_3)
FN:275,(anonymous_4)
FN:277,(anonymous_5)
FN:307,(anonymous_6)
FN:311,(anonymous_7)
FN:320,(anonymous_8)
FN:331,(anonymous_9)
FNF:10
FNH:9
FNDA:88,(anonymous_0)
FNDA:264,(anonymous_1)
FNDA:264,(anonymous_2)
FNDA:0,(anonymous_3)
FNDA:9,(anonymous_4)
FNDA:24,(anonymous_5)
FNDA:36,(anonymous_6)
FNDA:3,(anonymous_7)
FNDA:324,(anonymous_8)
FNDA:88,(anonymous_9)
DA:22,1
DA:194,1
DA:195,88
DA:196,88
DA:198,88
DA:241,264
DA:252,264
DA:260,0
DA:275,1
DA:276,9
DA:277,24
DA:279,9
DA:308,36
DA:311,3
DA:320,324
DA:332,88
LF:16
LH:15
BRDA:263,0,0,0
BRDA:263,0,1,88
BRDA:264,1,0,0
BRDA:264,1,1,88
BRDA:266,2,0,88
BRDA:266,2,1,0
BRDA:277,3,0,7
BRDA:277,3,1,2
BRDA:314,4,0,9
BRDA:314,4,1,27
BRDA:315,5,0,9
BRDA:315,5,1,27
BRDA:316,6,0,9
BRDA:316,6,1,27
BRDA:319,7,0,36
BRDA:319,7,1,27
BRDA:320,8,0,36
BRDA:320,8,1,27
BRF:18
BRH:15
end_of_record
